<?xml version="1.0" encoding="UTF-8"?>
<testng-results ignored="0" total="1" passed="1" failed="0" skipped="0">
  <reporter-output>
  </reporter-output>
  <suite started-at="2023-04-01T19:35:30 BRT" name="MyTest" finished-at="2023-04-01T19:35:30 BRT" duration-ms="24">
    <groups>
    </groups>
    <test started-at="2023-04-01T19:35:30 BRT" name="Command line test" finished-at="2023-04-01T19:35:30 BRT" duration-ms="24">
      <class name="MyTest">
        <test-method signature="runTests()[pri:0, instance:MyTest@13c27452]" started-at="2023-04-01T19:35:30 BRT" name="runTests" finished-at="2023-04-01T19:35:30 BRT" duration-ms="3" status="PASS">
          <reporter-output>
          </reporter-output>
        </test-method> <!-- runTests -->
      </class> <!-- MyTest -->
    </test> <!-- Command line test -->
  </suite> <!-- MyTest -->
</testng-results>
